<?xml version="1.0" encoding="UTF-8"?>
<!-- Generated by org.testng.reporters.JUnitReportReporter -->
<testsuite hostname="ASTA-HpbiyqFY88" failures="0" tests="1" name="RegressionSuite.Algorand.EteBulkmint" time="54.428" errors="0" timestamp="2024-07-29T15:16:40 AEST" skipped="0">
  <testcase classname="RegressionSuite.Algorand.EteBulkmint" name="EteBulkmint" time="54.428"/>
</testsuite> <!-- RegressionSuite.Algorand.EteBulkmint -->
